ÎÄ¼þ£ºdelay.c      ±àÒëÆ÷°æ±¾ HGASM 0202 Ò³´Î1


   1  0000              ; Generated by holtek-gcc v3.19, Thu May 05 14:52:40 2022
   2  0000              ; 
   3  0000              ; Configuration:
   4  0000              ;       with long instruction
   5  0000              ;       Multi-ROM, Multi-RAM
   6  0000              ;       bits_per_rom_unit:16
   7  0000              ;       with mp1
   8  0000              ;       with tbhp, address(0x9)
   9  0000              ;          Use tabrd-const
  10  0000              ;       
  11  0000              ; SFR address of long-instruction arch:
  12  0000              ;    mp0 = -1,1,0
  13  0000              ;    mp1 = 4,3,2
  14  0000              ;    mp2 = 14,13,12
  15  0000              ;    tbp = 9,7,8
  16  0000              ;    acc = 5
  17  0000              ;    pcl = 6
  18  0000              ;    status = 10
  19  0000              ;    bp = 11
  20  0000              ;    intc = 16
  21  0000              ;       
  22  0000              ;       
  23  0000              ; use 'tabrdc' instead of 'tabrd'
  24  0000              ;       
  25  0000              
  26  0000              #pragma translator "holtek-gcc 4.6.4" "3.19" "build 20130711"
  27  0000              ; Rebuild 718
  28  0000              
  29  0000              ir equ [2]
  30  0000              mp equ [3]
  31  0000              sbp equ [4]
  32  0000              acc equ [5]
  33  0000              bp equ [11]
  34  0000              tblp equ [7]
  35  0000              tbhp equ [9]
  36  0000              status equ [10]
  37  0000              c equ [10].0
  38  0000              ac equ [10].1
  39  0000              z equ [10].2
  40  0000              ov equ [10].3
  41  0000              cz equ [10].6
  42  0000              sc equ [10].7
  43  0000              intc equ [16]
  44  0000              mduwr0 equ [59h]
  45  0000              mduwr1 equ [5ah]
  46  0000              mduwr2 equ [5bh]
  47  0000              mduwr3 equ [5ch]
  48  0000              mduwr4 equ [5dh]
  49  0000              mduwr5 equ [5eh]
  50  0000              mduwrctrl equ [5fh]
  51  0000              
  52  0000              extern ra:byte
  53  0000              extern rb:byte
  54  0000              extern rc:byte
  55  0000              extern rd:byte
  56  0000              extern re:byte
  57  0000              extern rf:byte
  58  0000              extern rg:byte
  59  0000              extern rh:byte
ÎÄ¼þ£ºdelay.ASM    ±àÒëÆ÷°æ±¾ HGASM 0202 Ò³´Î2

  60  0000              extern _Crom2Prom:near
  61  0000              extern _Crom2PromNext:near
  62  0000              
  63  0000              RAMBANK 0 @BITDATASEC, @BITDATASEC1
  64  0000              @HCCINIT	.section 'data'
  65  0000              @HCCINIT0	.section 'data'
  66  0000              @BITDATASEC	 .section 'data'
  67  0000              @BITDATASEC1	 .section 'data'
  68  0000              
  69  0000              #pragma debug scope 1 1
  70  0000              	extern __DELAY3:near
  71  0000              	extern __DELAYX3:near
  72  0000              	extern __DELAYX6:near
  73  0000              	extern __DELAYY5:near
  74  0000              	extern __DELAYY3:near
  75  0000              	extern _builtin_holtek_delay_2:byte
  76  0000              public _delay_ms
  77  0000              #pragma debug scope 2 1

   4  0000              #line 4 "c:\users\ÂäÒ¶\desktop\htproject\down_demo\delay.c"
   4  0000              _delay_ms .section 'code'
   4  0000              _delay_ms proc
   4  0000              public _delay_ms_2
   4  0000  0002[           local _delay_ms_2 db 2 dup(?)	; 2,0
            00
            ]
   4  0002              #pragma debug variable 10 2 _delay_ms_2+0 "ms"
   5  0002              #line 5 "c:\users\ÂäÒ¶\desktop\htproject\down_demo\delay.c"
   5  0000  2800     R  	jmp _L2
   5  0001              _L3:
   6  0001              #line 6 "c:\users\ÂäÒ¶\desktop\htproject\down_demo\delay.c"
   6  0001              ;# 6 "c:\users\ÂäÒ¶\desktop\htproject\down_demo\delay.c" 1
   6  0001              	IF 2000>263690
   6  0001              ;# 6 "c:\users\ÂäÒ¶\desktop\htproject\down_demo\delay.c" 1
   6  0001              	ERRMESSAGE 'the value 2000of the argument exceeds the maxinum 263690'
   6  0001              	ENDIF
   6  0001              ;# 6 "c:\users\ÂäÒ¶\desktop\htproject\down_demo\delay.c" 1
   6  0001              	IF 2000<0
   6  0001              ;# 6 "c:\users\ÂäÒ¶\desktop\htproject\down_demo\delay.c" 1
   6  0001              	ERRMESSAGE 'the value 2000 of the argument exceeds the mininum 0'
   6  0001              	ENDIF
   6  0001              ;# 6 "c:\users\ÂäÒ¶\desktop\htproject\down_demo\delay.c" 1
   6  0001              	IF 2000==0
   6  0001              ;# 6 "c:\users\ÂäÒ¶\desktop\htproject\down_demo\delay.c" 1
   6  0001              	JMP $
   6  0001              	ENDIF
   6  0001              ;# 6 "c:\users\ÂäÒ¶\desktop\htproject\down_demo\delay.c" 1
   6  0001              	IF (2000>=1) AND (2000<( 4 + __PBP__ * 2))
   6  0001              ;# 6 "c:\users\ÂäÒ¶\desktop\htproject\down_demo\delay.c" 1
   6  0001              	NOP
   6  0001              	ENDIF
   6  0001              ;# 6 "c:\users\ÂäÒ¶\desktop\htproject\down_demo\delay.c" 1
   6  0001              	IF (2000>=2) AND (2000<( 4 + __PBP__ * 2))
   6  0001              ;# 6 "c:\users\ÂäÒ¶\desktop\htproject\down_demo\delay.c" 1
   6  0001              	NOP
   6  0001              	ENDIF
   6  0001              ;# 6 "c:\users\ÂäÒ¶\desktop\htproject\down_demo\delay.c" 1
   6  0001              	IF (2000>=3) AND (2000<( 4 + __PBP__ * 2))
   6  0001              ;# 6 "c:\users\ÂäÒ¶\desktop\htproject\down_demo\delay.c" 1
   6  0001              	NOP
ÎÄ¼þ£ºdelay.c      ±àÒëÆ÷°æ±¾ HGASM 0202 Ò³´Î3

   6  0001              	ENDIF
   6  0001              ;# 6 "c:\users\ÂäÒ¶\desktop\htproject\down_demo\delay.c" 1
   6  0001              	IF (2000>=4) AND (2000<( 4 + __PBP__ * 2)) AND ( __PBP__ > 0 )
   6  0001              ;# 6 "c:\users\ÂäÒ¶\desktop\htproject\down_demo\delay.c" 1
   6  0001              	NOP
   6  0001              	ENDIF
   6  0001              ;# 6 "c:\users\ÂäÒ¶\desktop\htproject\down_demo\delay.c" 1
   6  0001              	IF (2000>=5) AND (2000<( 4 + __PBP__ * 2)) AND ( __PBP__ > 0 )
   6  0001              ;# 6 "c:\users\ÂäÒ¶\desktop\htproject\down_demo\delay.c" 1
   6  0001              	NOP
   6  0001              	ENDIF
   6  0001              ;# 6 "c:\users\ÂäÒ¶\desktop\htproject\down_demo\delay.c" 1
   6  0001              	IF (2000>=6) AND (2000<( 4 + __PBP__ * 2))  AND ( __PBP__ > 1 )
   6  0001              ;# 6 "c:\users\ÂäÒ¶\desktop\htproject\down_demo\delay.c" 1
   6  0001              	NOP
   6  0001              	ENDIF
   6  0001              ;# 6 "c:\users\ÂäÒ¶\desktop\htproject\down_demo\delay.c" 1
   6  0001              	IF (2000>=7) AND (2000<( 4 + __PBP__ * 2))  AND ( __PBP__ > 1 )
   6  0001              ;# 6 "c:\users\ÂäÒ¶\desktop\htproject\down_demo\delay.c" 1
   6  0001              	NOP
   6  0001              	ENDIF
   6  0001              ;# 6 "c:\users\ÂäÒ¶\desktop\htproject\down_demo\delay.c" 1
   6  0001              	IF (2000>=8) AND (2000<( 4 + __PBP__ * 2))  AND ( __PBP__ > 2 )
   6  0001              ;# 6 "c:\users\ÂäÒ¶\desktop\htproject\down_demo\delay.c" 1
   6  0001              	NOP
   6  0001              	ENDIF
   6  0001              ;# 6 "c:\users\ÂäÒ¶\desktop\htproject\down_demo\delay.c" 1
   6  0001              	IF (2000==9)  AND ( __PBP__ > 2 )
   6  0001              ;# 6 "c:\users\ÂäÒ¶\desktop\htproject\down_demo\delay.c" 1
   6  0001              	NOP
   6  0001              	ENDIF
   6  0001              ;# 6 "c:\users\ÂäÒ¶\desktop\htproject\down_demo\delay.c" 1
   6  0001              	IF (2000< ( 8 + __PBP__ * 2)) AND (2000>( 3 + __PBP__ * 2))
   6  0001              ;# 6 "c:\users\ÂäÒ¶\desktop\htproject\down_demo\delay.c" 1
   6  0001              	fcall __DELAY3 + ( 7 + __PBP__ * 2) -2000
   6  0001              	ENDIF
   6  0001              ;# 6 "c:\users\ÂäÒ¶\desktop\htproject\down_demo\delay.c" 1
   6  0001              	IF (2000< ( 0404h + __PBP__ * 2)) AND (2000>( 7 + __PBP__ * 2))
   6  0001              ;# 6 "c:\users\ÂäÒ¶\desktop\htproject\down_demo\delay.c" 1
   6  0001              	MOV A,(2000-( 4 + __PBP__ * 2))/4
   6  0001              ;# 6 "c:\users\ÂäÒ¶\desktop\htproject\down_demo\delay.c" 1
   6  0001              	fcall __DELAYX3 + 3 -((2000-( 4 + __PBP__ * 2)) MOD 4) 
   6  0001              	ENDIF
   6  0001              ;# 6 "c:\users\ÂäÒ¶\desktop\htproject\down_demo\delay.c" 1
   6  0001              	IF (2000< ( 040bh + __PBP__ * 2)) AND (2000> ( 0403h + __PBP__ * 2))
   6  0001              ;# 6 "c:\users\ÂäÒ¶\desktop\htproject\down_demo\delay.c" 1
   6  0001              	MOV A,0 
   6  0001              ;# 6 "c:\users\ÂäÒ¶\desktop\htproject\down_demo\delay.c" 1
   6  0001              	fcall __DELAYX6 + ( 040ah + __PBP__ * 2) -2000
   6  0001              	ENDIF
   6  0001              ;# 6 "c:\users\ÂäÒ¶\desktop\htproject\down_demo\delay.c" 1
   6  0001              	IF (2000 >= ( 040bh + __PBP__ * 2)) AND ((((2000-( 9 + __PBP__ * 2))%0402h)/4+1)>256)
   6  0001              ;# 6 "c:\users\ÂäÒ¶\desktop\htproject\down_demo\delay.c" 1
   6  0001              	MOV A,(2000-( 9 + __PBP__ * 2))/0402h
   6  0001              ;# 6 "c:\users\ÂäÒ¶\desktop\htproject\down_demo\delay.c" 1
   6  0001              	MOV _builtin_holtek_delay_2,A
   6  0001              ;# 6 "c:\users\ÂäÒ¶\desktop\htproject\down_demo\delay.c" 1
   6  0001              	MOV A,0
   6  0001              ;# 6 "c:\users\ÂäÒ¶\desktop\htproject\down_demo\delay.c" 1
   6  0001              	fcall __DELAYY5 +5- (((2000-( 9 + __PBP__ * 2))%0402h)%6) 
ÎÄ¼þ£ºdelay.c      ±àÒëÆ÷°æ±¾ HGASM 0202 Ò³´Î4

   6  0001              	ENDIF
   6  0001              ;# 6 "c:\users\ÂäÒ¶\desktop\htproject\down_demo\delay.c" 1
   6  0001              	IF (2000 >= ( 040bh + __PBP__ * 2)) AND ((((2000-( 9 + __PBP__ * 2))%0402h)/4+1)<=256)
   6  0001              ;# 6 "c:\users\ÂäÒ¶\desktop\htproject\down_demo\delay.c" 1
   6  0001  0F01        	MOV A,(2000-( 9 + __PBP__ * 2))/0402h
   6  0002              ;# 6 "c:\users\ÂäÒ¶\desktop\htproject\down_demo\delay.c" 1
   6  0002  0080     E  	MOV _builtin_holtek_delay_2,A
   6  0003              ;# 6 "c:\users\ÂäÒ¶\desktop\htproject\down_demo\delay.c" 1
   6  0003  0FF0        	MOV A,((2000-( 9 + __PBP__ * 2))%0402h)/4+1
   6  0004              ;# 6 "c:\users\ÂäÒ¶\desktop\htproject\down_demo\delay.c" 1
   6  0004              	fcall __DELAYY3 +3-(((2000-( 9 + __PBP__ * 2))%0402h)%4) 
   6  000B              	ENDIF
   6  000B              _L2:
   5  000B              #line 5 "c:\users\ÂäÒ¶\desktop\htproject\down_demo\delay.c"
   5  000B  0FFF        	mov a,255
   5  000C  0380     R  	addm a,_delay_ms_2[0]
   5  000D  0FFF        	mov a,255
   5  000E  1380     R  	adcm a,_delay_ms_2[1]
   5  000F  0700     R  	mov a,_delay_ms_2[0]
   5  0010  0600     R  	and a,_delay_ms_2[1]
   5  0011  0B01        	add a,1
   5  0012  380A        	snz c
   5  0013  2800     R  	jmp _L3
   5  0014  0003        	ret
   5  0015              _delay_ms endp
   5  0015              #line 5 "c:\users\ÂäÒ¶\desktop\htproject\down_demo\delay.c"
   5  0015              #pragma debug scope 1 1
   5  0015              public _delay_us
   5  0015              #pragma debug scope 3 1
  10  0015              #line 10 "c:\users\ÂäÒ¶\desktop\htproject\down_demo\delay.c"
  10  0000              _delay_us .section 'code'
  10  0000              _delay_us proc
  10  0000              public _delay_us_2
  10  0000  0002[           local _delay_us_2 db 2 dup(?)	; 2,0
            00
            ]
  10  0002              #pragma debug variable 10 3 _delay_us_2+0 "us"
  11  0002              #line 11 "c:\users\ÂäÒ¶\desktop\htproject\down_demo\delay.c"
  11  0000  2800     R  	jmp _L6
  11  0001              _L7:
  12  0001              #line 12 "c:\users\ÂäÒ¶\desktop\htproject\down_demo\delay.c"
  12  0001              ;# 12 "c:\users\ÂäÒ¶\desktop\htproject\down_demo\delay.c" 1
  12  0001              	IF 2>263690
  12  0001              ;# 12 "c:\users\ÂäÒ¶\desktop\htproject\down_demo\delay.c" 1
  12  0001              	ERRMESSAGE 'the value 2of the argument exceeds the maxinum 263690'
  12  0001              	ENDIF
  12  0001              ;# 12 "c:\users\ÂäÒ¶\desktop\htproject\down_demo\delay.c" 1
  12  0001              	IF 2<0
  12  0001              ;# 12 "c:\users\ÂäÒ¶\desktop\htproject\down_demo\delay.c" 1
  12  0001              	ERRMESSAGE 'the value 2 of the argument exceeds the mininum 0'
  12  0001              	ENDIF
  12  0001              ;# 12 "c:\users\ÂäÒ¶\desktop\htproject\down_demo\delay.c" 1
  12  0001              	IF 2==0
  12  0001              ;# 12 "c:\users\ÂäÒ¶\desktop\htproject\down_demo\delay.c" 1
  12  0001              	JMP $
  12  0001              	ENDIF
  12  0001              ;# 12 "c:\users\ÂäÒ¶\desktop\htproject\down_demo\delay.c" 1
  12  0001              	IF (2>=1) AND (2<( 4 + __PBP__ * 2))
  12  0001              ;# 12 "c:\users\ÂäÒ¶\desktop\htproject\down_demo\delay.c" 1
  12  0001  0000        	NOP
ÎÄ¼þ£ºdelay.c      ±àÒëÆ÷°æ±¾ HGASM 0202 Ò³´Î5

  12  0002              	ENDIF
  12  0002              ;# 12 "c:\users\ÂäÒ¶\desktop\htproject\down_demo\delay.c" 1
  12  0002              	IF (2>=2) AND (2<( 4 + __PBP__ * 2))
  12  0002              ;# 12 "c:\users\ÂäÒ¶\desktop\htproject\down_demo\delay.c" 1
  12  0002  0000        	NOP
  12  0003              	ENDIF
  12  0003              ;# 12 "c:\users\ÂäÒ¶\desktop\htproject\down_demo\delay.c" 1
  12  0003              	IF (2>=3) AND (2<( 4 + __PBP__ * 2))
  12  0003              ;# 12 "c:\users\ÂäÒ¶\desktop\htproject\down_demo\delay.c" 1
  12  0003              	NOP
  12  0003              	ENDIF
  12  0003              ;# 12 "c:\users\ÂäÒ¶\desktop\htproject\down_demo\delay.c" 1
  12  0003              	IF (2>=4) AND (2<( 4 + __PBP__ * 2)) AND ( __PBP__ > 0 )
  12  0003              ;# 12 "c:\users\ÂäÒ¶\desktop\htproject\down_demo\delay.c" 1
  12  0003              	NOP
  12  0003              	ENDIF
  12  0003              ;# 12 "c:\users\ÂäÒ¶\desktop\htproject\down_demo\delay.c" 1
  12  0003              	IF (2>=5) AND (2<( 4 + __PBP__ * 2)) AND ( __PBP__ > 0 )
  12  0003              ;# 12 "c:\users\ÂäÒ¶\desktop\htproject\down_demo\delay.c" 1
  12  0003              	NOP
  12  0003              	ENDIF
  12  0003              ;# 12 "c:\users\ÂäÒ¶\desktop\htproject\down_demo\delay.c" 1
  12  0003              	IF (2>=6) AND (2<( 4 + __PBP__ * 2))  AND ( __PBP__ > 1 )
  12  0003              ;# 12 "c:\users\ÂäÒ¶\desktop\htproject\down_demo\delay.c" 1
  12  0003              	NOP
  12  0003              	ENDIF
  12  0003              ;# 12 "c:\users\ÂäÒ¶\desktop\htproject\down_demo\delay.c" 1
  12  0003              	IF (2>=7) AND (2<( 4 + __PBP__ * 2))  AND ( __PBP__ > 1 )
  12  0003              ;# 12 "c:\users\ÂäÒ¶\desktop\htproject\down_demo\delay.c" 1
  12  0003              	NOP
  12  0003              	ENDIF
  12  0003              ;# 12 "c:\users\ÂäÒ¶\desktop\htproject\down_demo\delay.c" 1
  12  0003              	IF (2>=8) AND (2<( 4 + __PBP__ * 2))  AND ( __PBP__ > 2 )
  12  0003              ;# 12 "c:\users\ÂäÒ¶\desktop\htproject\down_demo\delay.c" 1
  12  0003              	NOP
  12  0003              	ENDIF
  12  0003              ;# 12 "c:\users\ÂäÒ¶\desktop\htproject\down_demo\delay.c" 1
  12  0003              	IF (2==9)  AND ( __PBP__ > 2 )
  12  0003              ;# 12 "c:\users\ÂäÒ¶\desktop\htproject\down_demo\delay.c" 1
  12  0003              	NOP
  12  0003              	ENDIF
  12  0003              ;# 12 "c:\users\ÂäÒ¶\desktop\htproject\down_demo\delay.c" 1
  12  0003              	IF (2< ( 8 + __PBP__ * 2)) AND (2>( 3 + __PBP__ * 2))
  12  0003              ;# 12 "c:\users\ÂäÒ¶\desktop\htproject\down_demo\delay.c" 1
  12  0003              	fcall __DELAY3 + ( 7 + __PBP__ * 2) -2
  12  0003              	ENDIF
  12  0003              ;# 12 "c:\users\ÂäÒ¶\desktop\htproject\down_demo\delay.c" 1
  12  0003              	IF (2< ( 0404h + __PBP__ * 2)) AND (2>( 7 + __PBP__ * 2))
  12  0003              ;# 12 "c:\users\ÂäÒ¶\desktop\htproject\down_demo\delay.c" 1
  12  0003              	MOV A,(2-( 4 + __PBP__ * 2))/4
  12  0003              ;# 12 "c:\users\ÂäÒ¶\desktop\htproject\down_demo\delay.c" 1
  12  0003              	fcall __DELAYX3 + 3 -((2-( 4 + __PBP__ * 2)) MOD 4) 
  12  0003              	ENDIF
  12  0003              ;# 12 "c:\users\ÂäÒ¶\desktop\htproject\down_demo\delay.c" 1
  12  0003              	IF (2< ( 040bh + __PBP__ * 2)) AND (2> ( 0403h + __PBP__ * 2))
  12  0003              ;# 12 "c:\users\ÂäÒ¶\desktop\htproject\down_demo\delay.c" 1
  12  0003              	MOV A,0 
  12  0003              ;# 12 "c:\users\ÂäÒ¶\desktop\htproject\down_demo\delay.c" 1
  12  0003              	fcall __DELAYX6 + ( 040ah + __PBP__ * 2) -2
  12  0003              	ENDIF
ÎÄ¼þ£ºdelay.c      ±àÒëÆ÷°æ±¾ HGASM 0202 Ò³´Î6

  12  0003              ;# 12 "c:\users\ÂäÒ¶\desktop\htproject\down_demo\delay.c" 1
  12  0003              	IF (2 >= ( 040bh + __PBP__ * 2)) AND ((((2-( 9 + __PBP__ * 2))%0402h)/4+1)>256)
  12  0003              ;# 12 "c:\users\ÂäÒ¶\desktop\htproject\down_demo\delay.c" 1
  12  0003              	MOV A,(2-( 9 + __PBP__ * 2))/0402h
  12  0003              ;# 12 "c:\users\ÂäÒ¶\desktop\htproject\down_demo\delay.c" 1
  12  0003              	MOV _builtin_holtek_delay_2,A
  12  0003              ;# 12 "c:\users\ÂäÒ¶\desktop\htproject\down_demo\delay.c" 1
  12  0003              	MOV A,0
  12  0003              ;# 12 "c:\users\ÂäÒ¶\desktop\htproject\down_demo\delay.c" 1
  12  0003              	fcall __DELAYY5 +5- (((2-( 9 + __PBP__ * 2))%0402h)%6) 
  12  0003              	ENDIF
  12  0003              ;# 12 "c:\users\ÂäÒ¶\desktop\htproject\down_demo\delay.c" 1
  12  0003              	IF (2 >= ( 040bh + __PBP__ * 2)) AND ((((2-( 9 + __PBP__ * 2))%0402h)/4+1)<=256)
  12  0003              ;# 12 "c:\users\ÂäÒ¶\desktop\htproject\down_demo\delay.c" 1
  12  0003              	MOV A,(2-( 9 + __PBP__ * 2))/0402h
  12  0003              ;# 12 "c:\users\ÂäÒ¶\desktop\htproject\down_demo\delay.c" 1
  12  0003              	MOV _builtin_holtek_delay_2,A
  12  0003              ;# 12 "c:\users\ÂäÒ¶\desktop\htproject\down_demo\delay.c" 1
  12  0003              	MOV A,((2-( 9 + __PBP__ * 2))%0402h)/4+1
  12  0003              ;# 12 "c:\users\ÂäÒ¶\desktop\htproject\down_demo\delay.c" 1
  12  0003              	fcall __DELAYY3 +3-(((2-( 9 + __PBP__ * 2))%0402h)%4) 
  12  0003              	ENDIF
  12  0003              _L6:
  11  0003              #line 11 "c:\users\ÂäÒ¶\desktop\htproject\down_demo\delay.c"
  11  0003  0FFF        	mov a,255
  11  0004  0380     R  	addm a,_delay_us_2[0]
  11  0005  0FFF        	mov a,255
  11  0006  1380     R  	adcm a,_delay_us_2[1]
  11  0007  0700     R  	mov a,_delay_us_2[0]
  11  0008  0600     R  	and a,_delay_us_2[1]
  11  0009  0B01        	add a,1
  11  000A  380A        	snz c
  11  000B  2800     R  	jmp _L7
  11  000C  0003        	ret
  11  000D              _delay_us endp
  11  000D              #line 11 "c:\users\ÂäÒ¶\desktop\htproject\down_demo\delay.c"
  11  000D              #pragma debug scope 1 1
  11  000D              
  11  000D              ; 
  11  000D              ; Generated by holtek-gcc v3.19, Thu May 05 14:52:40 2022
  11  000D              ; Rebuild 718
  11  000D              ; end of file


        0 Errors, 0