ÎÄ¼þ£ºint.c        ±àÒëÆ÷°æ±¾ HGASM 0202 Ò³´Î1


   1  0000              ; Generated by holtek-gcc v3.19, Thu May 05 14:52:42 2022
   2  0000              ; 
   3  0000              ; Configuration:
   4  0000              ;       with long instruction
   5  0000              ;       Multi-ROM, Multi-RAM
   6  0000              ;       bits_per_rom_unit:16
   7  0000              ;       with mp1
   8  0000              ;       with tbhp, address(0x9)
   9  0000              ;          Use tabrd-const
  10  0000              ;       
  11  0000              ; SFR address of long-instruction arch:
  12  0000              ;    mp0 = -1,1,0
  13  0000              ;    mp1 = 4,3,2
  14  0000              ;    mp2 = 14,13,12
  15  0000              ;    tbp = 9,7,8
  16  0000              ;    acc = 5
  17  0000              ;    pcl = 6
  18  0000              ;    status = 10
  19  0000              ;    bp = 11
  20  0000              ;    intc = 16
  21  0000              ;       
  22  0000              ;       
  23  0000              ; use 'tabrdc' instead of 'tabrd'
  24  0000              ;       
  25  0000              
  26  0000              #pragma translator "holtek-gcc 4.6.4" "3.19" "build 20130711"
  27  0000              ; Rebuild 718
  28  0000              
  29  0000              ir equ [2]
  30  0000              mp equ [3]
  31  0000              sbp equ [4]
  32  0000              acc equ [5]
  33  0000              bp equ [11]
  34  0000              tblp equ [7]
  35  0000              tbhp equ [9]
  36  0000              status equ [10]
  37  0000              c equ [10].0
  38  0000              ac equ [10].1
  39  0000              z equ [10].2
  40  0000              ov equ [10].3
  41  0000              cz equ [10].6
  42  0000              sc equ [10].7
  43  0000              intc equ [16]
  44  0000              mduwr0 equ [59h]
  45  0000              mduwr1 equ [5ah]
  46  0000              mduwr2 equ [5bh]
  47  0000              mduwr3 equ [5ch]
  48  0000              mduwr4 equ [5dh]
  49  0000              mduwr5 equ [5eh]
  50  0000              mduwrctrl equ [5fh]
  51  0000              
  52  0000              extern ra:byte
  53  0000              extern rb:byte
  54  0000              extern rc:byte
  55  0000              extern rd:byte
  56  0000              extern re:byte
  57  0000              extern rf:byte
  58  0000              extern rg:byte
  59  0000              extern rh:byte
ÎÄ¼þ£ºint.ASM      ±àÒëÆ÷°æ±¾ HGASM 0202 Ò³´Î2

  60  0000              extern _Crom2Prom:near
  61  0000              extern _Crom2PromNext:near
  62  0000              
  63  0000              RAMBANK 0 @BITDATASEC, @BITDATASEC1
  64  0000              @HCCINIT	.section 'data'
  65  0000              @HCCINIT0	.section 'data'
  66  0000              @BITDATASEC	 .section 'data'
  67  0000              @BITDATASEC1	 .section 'data'
  68  0000              
  69  0000              #pragma debug scope 1 1
  70  0000              	extern __DELAY3:near
  71  0000              	extern __DELAYX3:near
  72  0000              	extern __DELAYX6:near
  73  0000              	extern __DELAYY5:near
  74  0000              	extern __DELAYY3:near
  75  0000              	extern _builtin_holtek_delay_2:byte
  76  0000              ___integ equ [57]
  77  0000              ___intc0 equ [16]
  78  0000              public _int0_init
  79  0000              #pragma debug scope 2 1

   6  0000              #line 6 "c:\users\ÂäÒ¶\desktop\htproject\down_demo\int.c"
   6  0000              _int0_init .section 'code'
   6  0000              _int0_init proc
   8  0000              #line 8 "c:\users\ÂäÒ¶\desktop\htproject\down_demo\int.c"
   8  0000  0F02        	mov a,2
   8  0001  00B9        	mov [57],a
  10  0002              #line 10 "c:\users\ÂäÒ¶\desktop\htproject\down_demo\int.c"
  10  0002  3090        	set [16].1
  12  0003              #line 12 "c:\users\ÂäÒ¶\desktop\htproject\down_demo\int.c"
  12  0003  3010        	set [16].0
  12  0004  0003        	ret
  12  0005              _int0_init endp
  12  0005              #line 12 "c:\users\ÂäÒ¶\desktop\htproject\down_demo\int.c"
  12  0005              #pragma debug scope 1 1
  12  0005              ___ph equ [42]
  12  0005              public _int0
  12  0005              #pragma debug scope 3 1
  16  0005              #line 16 "c:\users\ÂäÒ¶\desktop\htproject\down_demo\int.c"
  16  0005              rombank 0 @int0_code
  16  0000              @int0_code .section at 4 'code'
  16  0000  0080     E  	mov r1,a
  16  0001  070B        	mov a,bp
  16  0002  1F0B        	clr bp
  16  0003  2800     R  	jmp _int0
  16  0004              ROMBANK 0 _int0
  16  0004              #pragma debug scope 1 1
  16  0004              @dummy4 endp
  16  0004              #pragma debug scope 4 1
  16  0000              _int0 .section 'code'
  16  0000              _int0 proc
  16  0000  0080     E  	mov r2,a
  16  0001  070A        	mov a, status
  16  0002  0080     E  	mov r3,a
  17  0003              #line 17 "c:\users\ÂäÒ¶\desktop\htproject\down_demo\int.c"
  17  0003  3410        	clr [16].0
  19  0004              #line 19 "c:\users\ÂäÒ¶\desktop\htproject\down_demo\int.c"
  19  0004  1F00     E  	clr ra
  19  0005  38AA        	snz [42].1
  19  0006  3000     E  	set ra.1
ÎÄ¼þ£ºint.c        ±àÒëÆ÷°æ±¾ HGASM 0202 Ò³´Î3

  19  0007  34AA        	clr [42].1
  19  0008  0700     E  	mov a,ra
  19  0009  05AA        	orm a,[42]
  21  000A              #line 21 "c:\users\ÂäÒ¶\desktop\htproject\down_demo\int.c"
  21  000A  3610        	clr [16].4
  23  000B              #line 23 "c:\users\ÂäÒ¶\desktop\htproject\down_demo\int.c"
  23  000B  3010        	set [16].0
  23  000C  0700     E  	mov a,r2
  23  000D  008B        	mov bp,a
  23  000E  0700     E  	mov a,r3
  23  000F  008A        	mov status,a
  23  0010  0700     E  	mov a,r1
  23  0011  0004        	reti
  23  0012              _int0 endp
  23  0012              
  23  0012              #line 23 "c:\users\ÂäÒ¶\desktop\htproject\down_demo\int.c"
  23  0012              #pragma debug scope 1 1
  23  0012              #pragma debug struct_end
  23  0012              #pragma debug struct_end
  23  0012              #pragma debug union_end
  23  0012              #pragma debug union_end
  23  0012              #pragma debug variable 43 1 ___intc0 "__intc0" 1
  23  0012              #pragma debug struct_end
  23  0012              #pragma debug struct_end
  23  0012              #pragma debug union_end
  23  0012              #pragma debug union_end
  23  0012              #pragma debug variable 45 1 ___ph "__ph" 1
  23  0012              #pragma debug struct_end
  23  0012              #pragma debug struct_end
  23  0012              #pragma debug union_end
  23  0012              #pragma debug union_end
  23  0012              #pragma debug variable 47 1 ___integ "__integ" 1
  23  0012              extern r1:byte
  23  0012              extern r2:byte
  23  0012              extern r3:byte
  23  0012              
  23  0012              ; 
  23  0012              ; Generated by holtek-gcc v3.19, Thu May 05 14:52:42 2022
  23  0012              ; Rebuild 718
  23  0012              ; end of file


        0 Errors, 0