ÎÄ¼þ£ºkey.c        ±àÒëÆ÷°æ±¾ HGASM 0202 Ò³´Î1


   1  0000              ; Generated by holtek-gcc v3.19, Thu May 05 14:52:44 2022
   2  0000              ; 
   3  0000              ; Configuration:
   4  0000              ;       with long instruction
   5  0000              ;       Multi-ROM, Multi-RAM
   6  0000              ;       bits_per_rom_unit:16
   7  0000              ;       with mp1
   8  0000              ;       with tbhp, address(0x9)
   9  0000              ;          Use tabrd-const
  10  0000              ;       
  11  0000              ; SFR address of long-instruction arch:
  12  0000              ;    mp0 = -1,1,0
  13  0000              ;    mp1 = 4,3,2
  14  0000              ;    mp2 = 14,13,12
  15  0000              ;    tbp = 9,7,8
  16  0000              ;    acc = 5
  17  0000              ;    pcl = 6
  18  0000              ;    status = 10
  19  0000              ;    bp = 11
  20  0000              ;    intc = 16
  21  0000              ;       
  22  0000              ;       
  23  0000              ; use 'tabrdc' instead of 'tabrd'
  24  0000              ;       
  25  0000              
  26  0000              #pragma translator "holtek-gcc 4.6.4" "3.19" "build 20130711"
  27  0000              ; Rebuild 718
  28  0000              
  29  0000              ir equ [2]
  30  0000              mp equ [3]
  31  0000              sbp equ [4]
  32  0000              acc equ [5]
  33  0000              bp equ [11]
  34  0000              tblp equ [7]
  35  0000              tbhp equ [9]
  36  0000              status equ [10]
  37  0000              c equ [10].0
  38  0000              ac equ [10].1
  39  0000              z equ [10].2
  40  0000              ov equ [10].3
  41  0000              cz equ [10].6
  42  0000              sc equ [10].7
  43  0000              intc equ [16]
  44  0000              mduwr0 equ [59h]
  45  0000              mduwr1 equ [5ah]
  46  0000              mduwr2 equ [5bh]
  47  0000              mduwr3 equ [5ch]
  48  0000              mduwr4 equ [5dh]
  49  0000              mduwr5 equ [5eh]
  50  0000              mduwrctrl equ [5fh]
  51  0000              
  52  0000              extern ra:byte
  53  0000              extern rb:byte
  54  0000              extern rc:byte
  55  0000              extern rd:byte
  56  0000              extern re:byte
  57  0000              extern rf:byte
  58  0000              extern rg:byte
  59  0000              extern rh:byte
ÎÄ¼þ£ºkey.ASM      ±àÒëÆ÷°æ±¾ HGASM 0202 Ò³´Î2

  60  0000              extern _Crom2Prom:near
  61  0000              extern _Crom2PromNext:near
  62  0000              
  63  0000              RAMBANK 0 @BITDATASEC, @BITDATASEC1
  64  0000              @HCCINIT	.section 'data'
  65  0000              @HCCINIT0	.section 'data'
  66  0000              @BITDATASEC	 .section 'data'
  67  0000              @BITDATASEC1	 .section 'data'
  68  0000              
  69  0000              #pragma debug scope 1 1
  70  0000              	extern __DELAY3:near
  71  0000              	extern __DELAYX3:near
  72  0000              	extern __DELAYX6:near
  73  0000              	extern __DELAYY5:near
  74  0000              	extern __DELAYY3:near
  75  0000              	extern _builtin_holtek_delay_2:byte
  76  0000              ___pec equ [34]
  77  0000              ___pepu equ [35]
  78  0000              public _key_init
  79  0000              #pragma debug scope 2 1

   9  0000              #line 9 "c:\users\ÂäÒ¶\desktop\htproject\down_demo\key.c"
   9  0000              _key_init .section 'code'
   9  0000              _key_init proc
  10  0000              #line 10 "c:\users\ÂäÒ¶\desktop\htproject\down_demo\key.c"
  10  0000  3022        	set [34].0
  11  0001              #line 11 "c:\users\ÂäÒ¶\desktop\htproject\down_demo\key.c"
  11  0001  30A2        	set [34].1
  12  0002              #line 12 "c:\users\ÂäÒ¶\desktop\htproject\down_demo\key.c"
  12  0002  3122        	set [34].2
  13  0003              #line 13 "c:\users\ÂäÒ¶\desktop\htproject\down_demo\key.c"
  13  0003  31A2        	set [34].3
  15  0004              #line 15 "c:\users\ÂäÒ¶\desktop\htproject\down_demo\key.c"
  15  0004  3023        	set [35].0
  16  0005              #line 16 "c:\users\ÂäÒ¶\desktop\htproject\down_demo\key.c"
  16  0005  30A3        	set [35].1
  17  0006              #line 17 "c:\users\ÂäÒ¶\desktop\htproject\down_demo\key.c"
  17  0006  3123        	set [35].2
  18  0007              #line 18 "c:\users\ÂäÒ¶\desktop\htproject\down_demo\key.c"
  18  0007  31A3        	set [35].3
  18  0008  0003        	ret
  18  0009              _key_init endp
  18  0009              #line 18 "c:\users\ÂäÒ¶\desktop\htproject\down_demo\key.c"
  18  0009              #pragma debug scope 1 1
  18  0009              ___pe equ [33]
  18  0009              public _Key
  18  0009              #pragma debug scope 3 1
  23  0009              #line 23 "c:\users\ÂäÒ¶\desktop\htproject\down_demo\key.c"
  23  0000              _Key .section 'code'
  23  0000              _Key proc
  26  0000              #line 26 "c:\users\ÂäÒ¶\desktop\htproject\down_demo\key.c"
  26  0000  3C21        	sz [33].0
  26  0001  2800     R  	jmp _L15
  26  0002              #line 26 "c:\users\ÂäÒ¶\desktop\htproject\down_demo\key.c"
  26  0002  0F14        	mov a,20
  26  0003  0080     E  	mov _delay_ms_2[0],a
  26  0004  1F00     E  	clr _delay_ms_2[1]
  26  0005              	fcall _delay_ms
  26  000C              _L5:
  26  000C  3821        	snz [33].0
ÎÄ¼þ£ºkey.c        ±àÒëÆ÷°æ±¾ HGASM 0202 Ò³´Î3

  26  000D  2800     R  	jmp _L5
  26  000E  0F14        	mov a,20
  26  000F  0080     E  	mov _delay_ms_2[0],a
  26  0010  1F00     E  	clr _delay_ms_2[1]
  26  0011              	fcall _delay_ms
  26  0018  0F01        	mov a,1
  26  0019  0080     E  	mov ra,a
  26  001A  2800     R  	jmp _L3
  26  001B              _L15:
  24  001B              #line 24 "c:\users\ÂäÒ¶\desktop\htproject\down_demo\key.c"
  24  001B  1F00     E  	clr ra
  24  001C              _L3:
  27  001C              #line 27 "c:\users\ÂäÒ¶\desktop\htproject\down_demo\key.c"
  27  001C  3CA1        	sz [33].1
  27  001D  2800     R  	jmp _L6
  27  001E  0F14        	mov a,20
  27  001F  0080     E  	mov _delay_ms_2[0],a
  27  0020  1F00     E  	clr _delay_ms_2[1]
  27  0021              	fcall _delay_ms
  27  0028              _L8:
  27  0028  38A1        	snz [33].1
  27  0029  2800     R  	jmp _L8
  27  002A  0F14        	mov a,20
  27  002B  0080     E  	mov _delay_ms_2[0],a
  27  002C  1F00     E  	clr _delay_ms_2[1]
  27  002D              	fcall _delay_ms
  27  0034  0F02        	mov a,2
  27  0035  0080     E  	mov ra,a
  27  0036              _L6:
  28  0036              #line 28 "c:\users\ÂäÒ¶\desktop\htproject\down_demo\key.c"
  28  0036  3D21        	sz [33].2
  28  0037  2800     R  	jmp _L9
  28  0038  0F14        	mov a,20
  28  0039  0080     E  	mov _delay_ms_2[0],a
  28  003A  1F00     E  	clr _delay_ms_2[1]
  28  003B              	fcall _delay_ms
  28  0042              _L11:
  28  0042  3921        	snz [33].2
  28  0043  2800     R  	jmp _L11
  28  0044  0F14        	mov a,20
  28  0045  0080     E  	mov _delay_ms_2[0],a
  28  0046  1F00     E  	clr _delay_ms_2[1]
  28  0047              	fcall _delay_ms
  28  004E  0F03        	mov a,3
  28  004F  0080     E  	mov ra,a
  28  0050              _L9:
  29  0050              #line 29 "c:\users\ÂäÒ¶\desktop\htproject\down_demo\key.c"
  29  0050  3DA1        	sz [33].3
  29  0051  2800     R  	jmp _L12
  29  0052  0F14        	mov a,20
  29  0053  0080     E  	mov _delay_ms_2[0],a
  29  0054  1F00     E  	clr _delay_ms_2[1]
  29  0055              	fcall _delay_ms
  29  005C              _L14:
  29  005C  39A1        	snz [33].3
  29  005D  2800     R  	jmp _L14
  29  005E  0F14        	mov a,20
  29  005F  0080     E  	mov _delay_ms_2[0],a
  29  0060  1F00     E  	clr _delay_ms_2[1]
  29  0061              	fcall _delay_ms
ÎÄ¼þ£ºkey.c        ±àÒëÆ÷°æ±¾ HGASM 0202 Ò³´Î4

  29  0068  0F04        	mov a,4
  29  0069  0080     E  	mov ra,a
  29  006A              _L12:
  32  006A              #line 32 "c:\users\ÂäÒ¶\desktop\htproject\down_demo\key.c"
  32  006A  0700     E  	mov a,ra
  32  006B  0003        	ret
  32  006C              _Key endp
  32  006C              #line 32 "c:\users\ÂäÒ¶\desktop\htproject\down_demo\key.c"
  32  006C              #pragma debug scope 1 1
  32  006C              #pragma debug struct_end
  32  006C              #pragma debug struct_end
  32  006C              #pragma debug union_end
  32  006C              #pragma debug union_end
  32  006C              #pragma debug variable 43 1 ___pe "__pe" 1
  32  006C              #pragma debug struct_end
  32  006C              #pragma debug struct_end
  32  006C              #pragma debug union_end
  32  006C              #pragma debug union_end
  32  006C              #pragma debug variable 45 1 ___pec "__pec" 1
  32  006C              #pragma debug struct_end
  32  006C              #pragma debug struct_end
  32  006C              #pragma debug union_end
  32  006C              #pragma debug union_end
  32  006C              #pragma debug variable 47 1 ___pepu "__pepu" 1
  32  006C              extern _delay_ms_2:byte
  32  006C              extern _delay_ms:near
  32  006C              
  32  006C              ; 
  32  006C              ; Generated by holtek-gcc v3.19, Thu May 05 14:52:44 2022
  32  006C              ; Rebuild 718
  32  006C              ; end of file


        0 Errors, 0